This is pdfTeX, Version 3.14159265-2.6-1.40.16 (TeX Live 2015/Debian) (preloaded format=pdflatex 2017.8.25)  31 OCT 2017 15:45
entering extended mode
 restricted \write18 enabled.
 %&-line parsing enabled.
**Thesis.tex
(./Thesis.tex
LaTeX2e <2016/02/01>
Babel <3.9q> and hyphenation patterns for 81 language(s) loaded.
(/usr/share/texlive/texmf-dist/tex/latex/koma-script/scrbook.cls
Document Class: scrbook 2015/10/03 v3.19a KOMA-Script document class (book)
(/usr/share/texlive/texmf-dist/tex/latex/koma-script/scrkbase.sty
Package: scrkbase 2015/10/03 v3.19a KOMA-Script package (KOMA-Script-dependent 
basics and keyval usage)

(/usr/share/texlive/texmf-dist/tex/latex/koma-script/scrbase.sty
Package: scrbase 2015/10/03 v3.19a KOMA-Script package (KOMA-Script-independent
 basics and keyval usage)

(/usr/share/texlive/texmf-dist/tex/latex/graphics/keyval.sty
Package: keyval 2014/10/28 v1.15 key=value parser (DPC)
\KV@toks@=\toks14
)
(/usr/share/texlive/texmf-dist/tex/latex/koma-script/scrlfile.sty
Package: scrlfile 2015/10/03 v3.19a KOMA-Script package (loading files)

Package scrlfile, 2015/10/03 v3.19a KOMA-Script package (loading files)
                  Copyright (C) Markus Kohm

))) (/usr/share/texlive/texmf-dist/tex/latex/koma-script/tocbasic.sty
Package: tocbasic 2015/10/03 v3.19a KOMA-Script package (handling toc-files)
)
Package tocbasic Info: omitting babel extension for `toc'
(tocbasic)             because of feature `nobabel' available
(tocbasic)             for `toc' on input line 125.
Package tocbasic Info: omitting babel extension for `lof'
(tocbasic)             because of feature `nobabel' available
(tocbasic)             for `lof' on input line 126.
Package tocbasic Info: omitting babel extension for `lot'
(tocbasic)             because of feature `nobabel' available
(tocbasic)             for `lot' on input line 127.
Package tocbasic Info: defining new hook before heading of `' on input line 158
4.


Class scrbook Warning: You've used obsolete option `bibtotoc'.
(scrbook)              Usage of this option indicates an old document
(scrbook)              and changes compatibility level using
(scrbook)              `bibliography=totoc,version=first'.
(scrbook)              If you don't want this, you should simply
(scrbook)              replace option `bibtotoc' by `bibliography=totoc'.

Class scrbook Info: Switching compatibility level to `first'.

Class scrbook Warning: You've used obsolete option `liststotoc'.
(scrbook)              Usage of this option indicates an old document
(scrbook)              and changes compatibility level using
(scrbook)              `listof=totoc,version=first'.
(scrbook)              If you don't want this, you should simply
(scrbook)              replace option `liststotoc' by `listof=totoc'.

Class scrbook Info: Switching compatibility level to `first'.
Class scrbook Info: File `scrsize11pt.clo' used instead of
(scrbook)           file `scrsize11.clo' to setup font sizes on input line 2251
.
(/usr/share/texlive/texmf-dist/tex/latex/koma-script/scrsize11pt.clo
File: scrsize11pt.clo 2015/10/03 v3.19a KOMA-Script font size class option (11p
t)
)
(/usr/share/texlive/texmf-dist/tex/latex/koma-script/typearea.sty
Package: typearea 2015/10/03 v3.19a KOMA-Script package (type area)

Package typearea, 2015/10/03 v3.19a KOMA-Script package (type area)
                  Copyright (C) Frank Neukam, 1992-1994
                  Copyright (C) Markus Kohm, 1994-

\ta@bcor=\skip41
\ta@div=\count79
\ta@hblk=\skip42
\ta@vblk=\skip43
\ta@temp=\skip44
\footheight=\skip45
Package typearea Info: These are the values describing the layout:
(typearea)             DIV  = 12
(typearea)             BCOR = 14.22636pt
(typearea)             \paperwidth      = 597.50793pt
(typearea)              \textwidth      = 437.46118pt
(typearea)              DIV departure   = -11%
(typearea)              \evensidemargin = 24.9436pt
(typearea)              \oddsidemargin  = -9.43683pt
(typearea)             \paperheight     = 845.04694pt
(typearea)              \textheight     = 636.60028pt
(typearea)              \topmargin      = -39.24942pt
(typearea)              \headheight     = 17.0pt
(typearea)              \headsep        = 20.40001pt
(typearea)              \topskip        = 11.0pt
(typearea)              \footskip       = 47.6pt
(typearea)              \baselineskip   = 13.6pt
(typearea)              on input line 1509.
)
\c@part=\count80
\c@chapter=\count81
\c@section=\count82
\c@subsection=\count83
\c@subsubsection=\count84
\c@paragraph=\count85
\c@subparagraph=\count86
LaTeX Info: Redefining \textsubscript on input line 4654.
\abovecaptionskip=\skip46
\belowcaptionskip=\skip47
\c@pti@nb@sid@b@x=\box26
\c@figure=\count87
\c@table=\count88
\bibindent=\dimen102
) (/usr/share/texlive/texmf-dist/tex/latex/geometry/geometry.sty
Package: geometry 2010/09/12 v5.6 Page Geometry

(/usr/share/texlive/texmf-dist/tex/generic/oberdiek/ifpdf.sty
Package: ifpdf 2011/01/30 v2.3 Provides the ifpdf switch (HO)
Package ifpdf Info: pdfTeX in PDF mode is detected.
)
(/usr/share/texlive/texmf-dist/tex/generic/oberdiek/ifvtex.sty
Package: ifvtex 2010/03/01 v1.5 Detect VTeX and its facilities (HO)
Package ifvtex Info: VTeX not detected.
)
(/usr/share/texlive/texmf-dist/tex/generic/ifxetex/ifxetex.sty
Package: ifxetex 2010/09/12 v0.6 Provides ifxetex conditional
)
\Gm@cnth=\count89
\Gm@cntv=\count90
\c@Gm@tempcnt=\count91
\Gm@bindingoffset=\dimen103
\Gm@wd@mp=\dimen104
\Gm@odd@mp=\dimen105
\Gm@even@mp=\dimen106
\Gm@layoutwidth=\dimen107
\Gm@layoutheight=\dimen108
\Gm@layouthoffset=\dimen109
\Gm@layoutvoffset=\dimen110
\Gm@dimlist=\toks15
)
(/usr/share/texlive/texmf-dist/tex/generic/babel/babel.sty
Package: babel 2016/02/24 3.9q The Babel package

(/usr/share/texlive/texmf-dist/tex/generic/babel-german/ngerman.ldf
Language: ngerman 2013/12/13 v2.7 German support for babel (new orthography)

(/usr/share/texlive/texmf-dist/tex/generic/babel-german/ngermanb.ldf
Language: ngermanb 2013/12/13 v2.7 German support for babel (new orthography)

(/usr/share/texlive/texmf-dist/tex/generic/babel/babel.def
File: babel.def 2016/02/24 3.9q Babel common definitions
\babel@savecnt=\count92
\U@D=\dimen111
)
\l@naustrian = a dialect from \language\l@ngerman 
\l@nswissgerman = a dialect from \language\l@ngerman 
Package babel Info: Making " an active character on input line 88.
))
(/usr/share/texlive/texmf-dist/tex/generic/babel-english/english.ldf
Language: english 2012/08/20 v3.3p English support from the babel system
\l@canadian = a dialect from \language\l@american 
\l@australian = a dialect from \language\l@british 
\l@newzealand = a dialect from \language\l@british 
))
(/usr/share/texlive/texmf-dist/tex/latex/germbib/bibgerm.sty
Package: bibgerm 2000/08/18 v0.1 Support for mixed language bibliographies

** Macros for german `BibTeX'ing added to Style Option `german' 20 Apr 1993 **
** idea and languages `german' and `USenglish' implemented by M. Wallmeier **
** Modified for LaTeX 2e and german.sty 2.5b by A. Scherer 1 Nov 1995 **
** Modified for ngerman.sty and babel.sty by H. Harders 21 August 2000 **)
(/usr/share/texlive/texmf-dist/tex/latex/graphics/graphicx.sty
Package: graphicx 2014/10/28 v1.0g Enhanced LaTeX Graphics (DPC,SPQR)

(/usr/share/texlive/texmf-dist/tex/latex/graphics/graphics.sty
Package: graphics 2016/01/03 v1.0q Standard LaTeX Graphics (DPC,SPQR)

(/usr/share/texlive/texmf-dist/tex/latex/graphics/trig.sty
Package: trig 2016/01/03 v1.10 sin cos tan (DPC)
)
(/usr/share/texlive/texmf-dist/tex/latex/latexconfig/graphics.cfg
File: graphics.cfg 2010/04/23 v1.9 graphics configuration of TeX Live
)
Package graphics Info: Driver file: pdftex.def on input line 95.

(/usr/share/texlive/texmf-dist/tex/latex/pdftex-def/pdftex.def
File: pdftex.def 2011/05/27 v0.06d Graphics/color for pdfTeX

(/usr/share/texlive/texmf-dist/tex/generic/oberdiek/infwarerr.sty
Package: infwarerr 2010/04/08 v1.3 Providing info/warning/error messages (HO)
)
(/usr/share/texlive/texmf-dist/tex/generic/oberdiek/ltxcmds.sty
Package: ltxcmds 2011/11/09 v1.22 LaTeX kernel commands for general use (HO)
)
\Gread@gobject=\count93
))
\Gin@req@height=\dimen112
\Gin@req@width=\dimen113
)
(/usr/share/texlive/texmf-dist/tex/latex/url/url.sty
\Urlmuskip=\muskip10
Package: url 2013/09/16  ver 3.4  Verb mode for urls, etc.
)
(/usr/share/texlive/texmf-dist/tex/latex/hyperref/hyperref.sty
Package: hyperref 2012/11/06 v6.83m Hypertext links for LaTeX

(/usr/share/texlive/texmf-dist/tex/generic/oberdiek/hobsub-hyperref.sty
Package: hobsub-hyperref 2012/05/28 v1.13 Bundle oberdiek, subset hyperref (HO)


(/usr/share/texlive/texmf-dist/tex/generic/oberdiek/hobsub-generic.sty
Package: hobsub-generic 2012/05/28 v1.13 Bundle oberdiek, subset generic (HO)
Package: hobsub 2012/05/28 v1.13 Construct package bundles (HO)
Package hobsub Info: Skipping package `infwarerr' (already loaded).
Package hobsub Info: Skipping package `ltxcmds' (already loaded).
Package: ifluatex 2010/03/01 v1.3 Provides the ifluatex switch (HO)
Package ifluatex Info: LuaTeX not detected.
Package hobsub Info: Skipping package `ifvtex' (already loaded).
Package: intcalc 2007/09/27 v1.1 Expandable calculations with integers (HO)
Package hobsub Info: Skipping package `ifpdf' (already loaded).
Package: etexcmds 2011/02/16 v1.5 Avoid name clashes with e-TeX commands (HO)
Package etexcmds Info: Could not find \expanded.
(etexcmds)             That can mean that you are not using pdfTeX 1.50 or
(etexcmds)             that some package has redefined \expanded.
(etexcmds)             In the latter case, load this package earlier.
Package: kvsetkeys 2012/04/25 v1.16 Key value parser (HO)
Package: kvdefinekeys 2011/04/07 v1.3 Define keys (HO)
Package: pdftexcmds 2011/11/29 v0.20 Utility functions of pdfTeX for LuaTeX (HO
)
Package pdftexcmds Info: LuaTeX not detected.
Package pdftexcmds Info: \pdf@primitive is available.
Package pdftexcmds Info: \pdf@ifprimitive is available.
Package pdftexcmds Info: \pdfdraftmode found.
Package: pdfescape 2011/11/25 v1.13 Implements pdfTeX's escape features (HO)
Package: bigintcalc 2012/04/08 v1.3 Expandable calculations on big integers (HO
)
Package: bitset 2011/01/30 v1.1 Handle bit-vector datatype (HO)
Package: uniquecounter 2011/01/30 v1.2 Provide unlimited unique counter (HO)
)
Package hobsub Info: Skipping package `hobsub' (already loaded).
Package: letltxmacro 2010/09/02 v1.4 Let assignment for LaTeX macros (HO)
Package: hopatch 2012/05/28 v1.2 Wrapper for package hooks (HO)
Package: xcolor-patch 2011/01/30 xcolor patch
Package: atveryend 2011/06/30 v1.8 Hooks at the very end of document (HO)
Package atveryend Info: \enddocument detected (standard20110627).
Package: atbegshi 2011/10/05 v1.16 At begin shipout hook (HO)
Package: refcount 2011/10/16 v3.4 Data extraction from label references (HO)
Package: hycolor 2011/01/30 v1.7 Color options for hyperref/bookmark (HO)
)
(/usr/share/texlive/texmf-dist/tex/latex/oberdiek/auxhook.sty
Package: auxhook 2011/03/04 v1.3 Hooks for auxiliary files (HO)
)
(/usr/share/texlive/texmf-dist/tex/latex/oberdiek/kvoptions.sty
Package: kvoptions 2011/06/30 v3.11 Key value format for package options (HO)
)
\@linkdim=\dimen114
\Hy@linkcounter=\count94
\Hy@pagecounter=\count95

(/usr/share/texlive/texmf-dist/tex/latex/hyperref/pd1enc.def
File: pd1enc.def 2012/11/06 v6.83m Hyperref: PDFDocEncoding definition (HO)
)
\Hy@SavedSpaceFactor=\count96

(/usr/share/texlive/texmf-dist/tex/latex/latexconfig/hyperref.cfg
File: hyperref.cfg 2002/06/06 v1.2 hyperref configuration of TeXLive
)
Package hyperref Info: Hyper figures OFF on input line 4443.
Package hyperref Info: Link nesting OFF on input line 4448.
Package hyperref Info: Hyper index ON on input line 4451.
Package hyperref Info: Plain pages OFF on input line 4458.
Package hyperref Info: Backreferencing OFF on input line 4463.
Package hyperref Info: Implicit mode ON; LaTeX internals redefined.
Package hyperref Info: Bookmarks ON on input line 4688.
\c@Hy@tempcnt=\count97
LaTeX Info: Redefining \url on input line 5041.
\XeTeXLinkMargin=\dimen115
\Fld@menulength=\count98
\Field@Width=\dimen116
\Fld@charsize=\dimen117
Package hyperref Info: Hyper figures OFF on input line 6295.
Package hyperref Info: Link nesting OFF on input line 6300.
Package hyperref Info: Hyper index ON on input line 6303.
Package hyperref Info: backreferencing OFF on input line 6310.
Package hyperref Info: Link coloring OFF on input line 6315.
Package hyperref Info: Link coloring with OCG OFF on input line 6320.
Package hyperref Info: PDF/A mode OFF on input line 6325.
LaTeX Info: Redefining \ref on input line 6365.
LaTeX Info: Redefining \pageref on input line 6369.
\Hy@abspage=\count99
\c@Item=\count100
\c@Hfootnote=\count101
)

Package hyperref Message: Driver (autodetected): hpdftex.

(/usr/share/texlive/texmf-dist/tex/latex/hyperref/hpdftex.def
File: hpdftex.def 2012/11/06 v6.83m Hyperref driver for pdfTeX
\Fld@listcount=\count102
\c@bookmark@seq@number=\count103

(/usr/share/texlive/texmf-dist/tex/latex/oberdiek/rerunfilecheck.sty
Package: rerunfilecheck 2011/04/15 v1.7 Rerun checks for auxiliary files (HO)
Package uniquecounter Info: New unique counter `rerunfilecheck' on input line 2
82.
)
\Hy@SectionHShift=\skip48
)
(/usr/share/texlive/texmf-dist/tex/latex/listings/listings.sty
\lst@mode=\count104
\lst@gtempboxa=\box27
\lst@token=\toks16
\lst@length=\count105
\lst@currlwidth=\dimen118
\lst@column=\count106
\lst@pos=\count107
\lst@lostspace=\dimen119
\lst@width=\dimen120
\lst@newlines=\count108
\lst@lineno=\count109
\lst@maxwidth=\dimen121

(/usr/share/texlive/texmf-dist/tex/latex/listings/lstmisc.sty
File: lstmisc.sty 2015/06/04 1.6 (Carsten Heinz)
\c@lstnumber=\count110
\lst@skipnumbers=\count111
\lst@framebox=\box28
)
(/usr/share/texlive/texmf-dist/tex/latex/listings/listings.cfg
File: listings.cfg 2015/06/04 1.6 listings configuration
))
Package: listings 2015/06/04 1.6 (Carsten Heinz)

(/usr/share/texlive/texmf-dist/tex/latex/graphics/color.sty
Package: color 2016/01/03 v1.1b Standard LaTeX Color (DPC)

(/usr/share/texlive/texmf-dist/tex/latex/latexconfig/color.cfg
File: color.cfg 2007/01/18 v1.5 color configuration of teTeX/TeXLive
)
Package color Info: Driver file: pdftex.def on input line 143.
)
(/usr/share/texlive/texmf-dist/tex/latex/subfig/subfig.sty
Package: subfig 2005/06/28 ver: 1.3 subfig package

(/usr/share/texlive/texmf-dist/tex/latex/caption/caption.sty
Package: caption 2016/02/21 v3.3-144 Customizing captions (AR)

(/usr/share/texlive/texmf-dist/tex/latex/caption/caption3.sty
Package: caption3 2016/02/04 v1.7-139 caption3 kernel (AR)
Package caption3 Info: TeX engine: e-TeX on input line 67.
\captionmargin=\dimen122
\captionmargin@=\dimen123
\captionwidth=\dimen124
\caption@tempdima=\dimen125
\caption@indent=\dimen126
\caption@parindent=\dimen127
\caption@hangindent=\dimen128
)
Package caption Info: KOMA-Script document class.
\c@ContinuedFloat=\count112
Package caption Info: hyperref package is loaded.
Package caption Info: listings package is loaded.
)
\c@KVtest=\count113
\sf@farskip=\skip49
\sf@captopadj=\dimen129
\sf@capskip=\skip50
\sf@nearskip=\skip51
\c@subfigure=\count114
\c@subfigure@save=\count115
\c@lofdepth=\count116
\c@subtable=\count117
\c@subtable@save=\count118
\c@lotdepth=\count119
\sf@top=\skip52
\sf@bottom=\skip53
)
(/usr/share/texlive/texmf-dist/tex/latex/multirow/multirow.sty
\bigstrutjot=\dimen130
)
(/usr/share/texlive/texmf-dist/tex/latex/makecell/makecell.sty
Package: makecell 2009/08/03 V0.1e Managing of Tab Column Heads and Cells

(/usr/share/texlive/texmf-dist/tex/latex/tools/array.sty
Package: array 2014/10/28 v2.4c Tabular extension package (FMi)
\col@sep=\dimen131
\extrarowheight=\dimen132
\NC@list=\toks17
\extratabsurround=\skip54
\backup@length=\skip55
)
\rotheadsize=\dimen133
\c@nlinenum=\count120
\TeXr@lab=\toks18
)
(/usr/share/texlive/texmf-dist/tex/latex/koma-script/scrpage2.sty
Package: scrpage2 2015/10/03 v3.19a KOMA-Script package (page head and foot)
LaTeX Info: Redefining \pagemark on input line 174.
)
(/usr/share/texlive/texmf-dist/tex/latex/xcolor/xcolor.sty
Package: xcolor 2007/01/21 v2.11 LaTeX color extensions (UK)

(/usr/share/texlive/texmf-dist/tex/latex/latexconfig/color.cfg
File: color.cfg 2007/01/18 v1.5 color configuration of teTeX/TeXLive
)
Package xcolor Info: Driver file: pdftex.def on input line 225.
LaTeX Info: Redefining \color on input line 702.
Package xcolor Info: Model `cmy' substituted by `cmy0' on input line 1337.
Package xcolor Info: Model `hsb' substituted by `rgb' on input line 1341.
Package xcolor Info: Model `RGB' extended on input line 1353.
Package xcolor Info: Model `HTML' substituted by `rgb' on input line 1355.
Package xcolor Info: Model `Hsb' substituted by `hsb' on input line 1356.
Package xcolor Info: Model `tHsb' substituted by `hsb' on input line 1357.
Package xcolor Info: Model `HSB' substituted by `hsb' on input line 1358.
Package xcolor Info: Model `Gray' substituted by `gray' on input line 1359.
Package xcolor Info: Model `wave' substituted by `hsb' on input line 1360.
)
(/usr/share/texlive/texmf-dist/tex/latex/pdfpages/pdfpages.sty
Package: pdfpages 2015/09/18 v0.5d Insert pages of external PDF documents (AM)

(/usr/share/texlive/texmf-dist/tex/latex/base/ifthen.sty
Package: ifthen 2014/09/29 v1.1c Standard LaTeX ifthen package (DPC)
)
(/usr/share/texlive/texmf-dist/tex/latex/tools/calc.sty
Package: calc 2014/10/28 v4.3 Infix arithmetic (KKT,FJ)
\calc@Acount=\count121
\calc@Bcount=\count122
\calc@Adimen=\dimen134
\calc@Bdimen=\dimen135
\calc@Askip=\skip56
\calc@Bskip=\skip57
LaTeX Info: Redefining \setlength on input line 80.
LaTeX Info: Redefining \addtolength on input line 81.
\calc@Ccount=\count123
\calc@Cskip=\skip58
)
(/usr/share/texlive/texmf-dist/tex/latex/eso-pic/eso-pic.sty
Package: eso-pic 2015/07/21 v2.0g eso-pic (RN)
)
\AM@pagewidth=\dimen136
\AM@pageheight=\dimen137

(/usr/share/texlive/texmf-dist/tex/latex/pdfpages/pppdftex.def
File: pppdftex.def 2015/09/18 v0.5d Pdfpages driver for pdfTeX (AM)
)
\AM@pagebox=\box29
\AM@toc@title=\toks19
\c@AM@survey=\count124
\AM@templatesizebox=\box30
)
(/usr/share/texlive/texmf-dist/tex/latex/listings/lstlang1.sty
File: lstlang1.sty 2015/06/04 1.6 listings language file
)
(/usr/share/texlive/texmf-dist/tex/latex/listings/lstmisc.sty
File: lstmisc.sty 2015/06/04 1.6 (Carsten Heinz)
)
(./misc/hyphenation.tex) (./Thesis.aux (./misc/titlepage.aux)
(./misc/abstract.aux)

LaTeX Warning: Label `Virtualization' multiply defined.


LaTeX Warning: Label `sec:itu' multiply defined.


LaTeX Warning: Label `Virtualization' multiply defined.


LaTeX Warning: Label `sec:xendevice' multiply defined.


LaTeX Warning: Label `sec:xen' multiply defined.


LaTeX Warning: Label `sec:xen' multiply defined.


LaTeX Warning: Label `sec:xen' multiply defined.


LaTeX Warning: Label `sec:xen' multiply defined.


LaTeX Warning: Label `sec:xen' multiply defined.


LaTeX Warning: Label `sec:xen' multiply defined.


LaTeX Warning: Label `sec:eventsdomains' multiply defined.


LaTeX Warning: Label `sec:xenbus' multiply defined.

)
\openout1 = `Thesis.aux'.

LaTeX Font Info:    Checking defaults for OML/cmm/m/it on input line 77.
LaTeX Font Info:    ... okay on input line 77.
LaTeX Font Info:    Checking defaults for T1/cmr/m/n on input line 77.
LaTeX Font Info:    ... okay on input line 77.
LaTeX Font Info:    Checking defaults for OT1/cmr/m/n on input line 77.
LaTeX Font Info:    ... okay on input line 77.
LaTeX Font Info:    Checking defaults for OMS/cmsy/m/n on input line 77.
LaTeX Font Info:    ... okay on input line 77.
LaTeX Font Info:    Checking defaults for OMX/cmex/m/n on input line 77.
LaTeX Font Info:    ... okay on input line 77.
LaTeX Font Info:    Checking defaults for U/cmr/m/n on input line 77.
LaTeX Font Info:    ... okay on input line 77.
LaTeX Font Info:    Checking defaults for PD1/pdf/m/n on input line 77.
LaTeX Font Info:    ... okay on input line 77.

*geometry* driver: auto-detecting
*geometry* detected driver: pdftex
*geometry* verbose mode - [ preamble ] result:
* driver: pdftex
* paper: a4paper
* layout: <same size as paper>
* layoutoffset:(h,v)=(0.0pt,0.0pt)
* modes: twoside 
* h-part:(L,W,R)=(71.70166pt, 418.25368pt, 107.55254pt)
* v-part:(T,H,B)=(101.40665pt, 591.5302pt, 152.11pt)
* \paperwidth=597.50787pt
* \paperheight=845.04684pt
* \textwidth=418.25368pt
* \textheight=591.5302pt
* \oddsidemargin=-0.56833pt
* \evensidemargin=35.28255pt
* \topmargin=-8.26335pt
* \headheight=17.0pt
* \headsep=20.40001pt
* \topskip=11.0pt
* \footskip=47.6pt
* \marginparwidth=72.91019pt
* \marginparsep=12.8401pt
* \columnsep=10.0pt
* \skip\footins=10.0pt plus 4.0pt minus 2.0pt
* \hoffset=0.0pt
* \voffset=0.0pt
* \mag=1000
* \@twocolumnfalse
* \@twosidetrue
* \@mparswitchtrue
* \@reversemarginfalse
* (1in=72.27pt=25.4mm, 1cm=28.453pt)


bibgerm.sty: babel.sty detected

(/usr/share/texlive/texmf-dist/tex/context/base/supp-pdf.mkii
[Loading MPS to PDF converter (version 2006.09.02).]
\scratchcounter=\count125
\scratchdimen=\dimen138
\scratchbox=\box31
\nofMPsegments=\count126
\nofMParguments=\count127
\everyMPshowfont=\toks20
\MPscratchCnt=\count128
\MPscratchDim=\dimen139
\MPnumerator=\count129
\makeMPintoPDFobject=\count130
\everyMPtoPDFconversion=\toks21
) (/usr/share/texlive/texmf-dist/tex/latex/oberdiek/epstopdf-base.sty
Package: epstopdf-base 2010/02/09 v2.5 Base part for package epstopdf

(/usr/share/texlive/texmf-dist/tex/latex/oberdiek/grfext.sty
Package: grfext 2010/08/19 v1.1 Manage graphics extensions (HO)
)
Package grfext Info: Graphics extension search list:
(grfext)             [.png,.pdf,.jpg,.mps,.jpeg,.jbig2,.jb2,.PNG,.PDF,.JPG,.JPE
G,.JBIG2,.JB2,.eps]
(grfext)             \AppendGraphicsExtensions on input line 452.

(/usr/share/texlive/texmf-dist/tex/latex/latexconfig/epstopdf-sys.cfg
File: epstopdf-sys.cfg 2010/07/13 v1.3 Configuration of (r)epstopdf for TeX Liv
e
))
\AtBeginShipoutBox=\box32
Package hyperref Info: Link coloring OFF on input line 77.

(/usr/share/texlive/texmf-dist/tex/latex/hyperref/nameref.sty
Package: nameref 2012/10/27 v2.43 Cross-referencing by name of section

(/usr/share/texlive/texmf-dist/tex/generic/oberdiek/gettitlestring.sty
Package: gettitlestring 2010/12/03 v1.4 Cleanup title references (HO)
)
\c@section@level=\count131
)
LaTeX Info: Redefining \ref on input line 77.
LaTeX Info: Redefining \pageref on input line 77.
LaTeX Info: Redefining \nameref on input line 77.

(./Thesis.out) (./Thesis.out)
\@outlinefile=\write3
\openout3 = `Thesis.out'.

\c@lstlisting=\count132
Package caption Info: Begin \AtBeginDocument code.
Package caption Info: subfig package v1.3 is loaded.
Package caption Info: End \AtBeginDocument code.

(/usr/share/texlive/texmf-dist/tex/latex/oberdiek/pdflscape.sty
Package: pdflscape 2008/08/11 v0.10 Display of landscape pages in PDF (HO)

(/usr/share/texlive/texmf-dist/tex/latex/graphics/lscape.sty
Package: lscape 2000/10/22 v3.01 Landscape Pages (DPC)
)
Package pdflscape Info: Auto-detected driver: pdftex on input line 80.
)
\openout2 = `./misc/titlepage.aux'.


(./misc/titlepage.tex
Missing character: There is no ‰ in font cmbx12!
Missing character: There is no ‰ in font cmr12!
Missing character: There is no ¸ in font cmr12!
Missing character: There is no ‰ in font cmr10!
 <./img/tu_logo.jpg, id=313, 21.07875pt x 15.77895pt>
File: ./img/tu_logo.jpg Graphic file (type jpg)

<use ./img/tu_logo.jpg>
Package pdftex.def Info: ./img/tu_logo.jpg used on input line 22.
(pdftex.def)             Requested size: 113.81102pt x 85.19777pt.
 [1





{/var/lib/texmf/fonts/map/pdftex/updmap/pdftex.map} <./img/tu_logo.jpg>]) [2


]
\openout2 = `./misc/abstract.aux'.

 (./misc/abstract.tex
Missing character: There is no ‰ in font cmr10!
) [3

] [4


] (./Thesis.toc
LaTeX Font Info:    External font `cmex10' loaded for size
(Font)              <10.95> on input line 6.
LaTeX Font Info:    External font `cmex10' loaded for size
(Font)              <8> on input line 6.
LaTeX Font Info:    External font `cmex10' loaded for size
(Font)              <6> on input line 6.
 [5

]
[6])
\tf@toc=\write4
\openout4 = `Thesis.toc'.

 [7] [8

] (./Thesis.lof)
\tf@lof=\write5
\openout5 = `Thesis.lof'.

 [9] [10] (./Thesis.lot)
\tf@lot=\write6
\openout6 = `Thesis.lot'.

 [11

] [12


]
(./chapters/chapter1.tex
chapter 1.

Class scrbook Warning: \float@addtolists detected!
(scrbook)              Implementation of \float@addtolist became
(scrbook)              deprecated in KOMA-Script v3.01 2008/11/14 and
(scrbook)              has been replaced by several more flexible
(scrbook)              features of package `tocbasic`.
(scrbook)              Since Version 3.12 support for deprecated
(scrbook)              \float@addtolist interface has been
(scrbook)              restricted to only some of the KOMA-Script
(scrbook)              features and been removed from others.
(scrbook)              Loading of package `scrhack' may help to
(scrbook)              avoid this warning, if you are using a
(scrbook)              a package that still implements the
(scrbook)              deprecated \float@addtolist interface .

) (./chapters/chapter2.tex
Underfull \hbox (badness 10000) in paragraph at lines 19--1

 []


Underfull \hbox (badness 10000) in paragraph at lines 19--1

 []


Underfull \hbox (badness 10000) in paragraph at lines 19--1

 []


Underfull \hbox (badness 10000) in paragraph at lines 19--1

 []


Underfull \hbox (badness 10000) in paragraph at lines 19--1

 []


Underfull \hbox (badness 10000) in paragraph at lines 19--1

 []

[1

] [2]
chapter 2.

Underfull \hbox (badness 10000) in paragraph at lines 8--13

 []


Underfull \hbox (badness 10000) in paragraph at lines 8--13

 []


Underfull \hbox (badness 10000) in paragraph at lines 8--13

 []


Underfull \hbox (badness 10000) in paragraph at lines 14--17

 []

[3

] [4] <./img/Virtualization_Abstraction.png, id=580, 794.97pt x 576.1525pt>
File: ./img/Virtualization_Abstraction.png Graphic file (type png)

<use ./img/Virtualization_Abstraction.png>
Package pdftex.def Info: ./img/Virtualization_Abstraction.png used on input lin
e 39.
(pdftex.def)             Requested size: 284.52756pt x 206.21031pt.
LaTeX Font Info:    Try loading font information for OMS+cmr on input line 45.

(/usr/share/texlive/texmf-dist/tex/latex/base/omscmr.fd
File: omscmr.fd 2014/09/29 v2.5h Standard LaTeX font definitions
)
LaTeX Font Info:    Font shape `OMS/cmr/m/n' in size <10.95> not available
(Font)              Font shape `OMS/cmsy/m/n' tried instead on input line 45.
 [5 <./img/Virtualization_Abstraction.png>]

LaTeX Warning: Citation `Hyper1vsHyper2' on page 6 undefined on input line 52.

<./img/Hyper1vsHyper2.png, id=591, 1161.33875pt x 550.055pt>
File: ./img/Hyper1vsHyper2.png Graphic file (type png)

<use ./img/Hyper1vsHyper2.png>
Package pdftex.def Info: ./img/Hyper1vsHyper2.png used on input line 55.
(pdftex.def)             Requested size: 284.52756pt x 134.76045pt.

<./img/Comparison.png, id=598, 1147.28625pt x 406.51875pt>
File: ./img/Comparison.png Graphic file (type png)

<use ./img/Comparison.png>
Package pdftex.def Info: ./img/Comparison.png used on input line 74.
(pdftex.def)             Requested size: 284.52756pt x 100.81683pt.
 [6 <./img/Hyper1vsHyper2.png>] [7 <./img/Comparison.png>]
Underfull \hbox (badness 10000) in paragraph at lines 87--91

 []


Underfull \hbox (badness 10000) in paragraph at lines 93--97

 []

[8] [9]

LaTeX Warning: Reference `ARM_Registers' on page 10 undefined on input line 165
.

<./img/ARM_Registers.png, id=638, 1163.34625pt x 840.13875pt>
File: ./img/ARM_Registers.png Graphic file (type png)

<use ./img/ARM_Registers.png>
Package pdftex.def Info: ./img/ARM_Registers.png used on input line 170.
(pdftex.def)             Requested size: 284.52756pt x 205.48326pt.
 <./img/mmu.png, id=646, 852.18375pt x 192.72pt>
File: ./img/mmu.png Graphic file (type png)

<use ./img/mmu.png>
Package pdftex.def Info: ./img/mmu.png used on input line 201.
(pdftex.def)             Requested size: 284.52756pt x 64.34471pt.
 [10] [11 <./img/ARM_Registers.png>]
<./img/translation.png, id=661, 1120.185pt x 226.8475pt>
File: ./img/translation.png Graphic file (type png)

<use ./img/translation.png>
Package pdftex.def Info: ./img/translation.png used on input line 211.
(pdftex.def)             Requested size: 284.52756pt x 57.61862pt.

Underfull \hbox (badness 10000) in paragraph at lines 218--225

 []

[12 <./img/mmu.png> <./img/translation.png>]
Underfull \vbox (badness 4036) has occurred while \output is active []

 [13]
Underfull \hbox (badness 10000) in paragraph at lines 235--240

 []


Underfull \hbox (badness 10000) in paragraph at lines 235--240

 []

[14] <./img/Phidias_Structure.png, id=687, 732.7375pt x 665.48625pt>
File: ./img/Phidias_Structure.png Graphic file (type png)

<use ./img/Phidias_Structure.png>
Package pdftex.def Info: ./img/Phidias_Structure.png used on input line 249.
(pdftex.def)             Requested size: 284.52756pt x 258.41144pt.

Underfull \hbox (badness 10000) in paragraph at lines 254--256

 []


Underfull \hbox (badness 10000) in paragraph at lines 254--256

 []

[15 <./img/Phidias_Structure.png>]
Missing character: There is no ‚ in font cmr10!
Missing character: There is no Ä in font cmr10!
Missing character: There is no ú in font cmr10!
Missing character: There is no ‚ in font cmr10!
Missing character: There is no Ä in font cmr10!
Missing character: There is no ù in font cmr10!
 [16]) (./chapters/chapter3.tex [17] [18

]
chapter 3.
<./img/xen_arch.png, id=716, 977.6525pt x 473.77pt>
File: ./img/xen_arch.png Graphic file (type png)
 <use ./img/xen_arch.png>
Package pdftex.def Info: ./img/xen_arch.png used on input line 14.
(pdftex.def)             Requested size: 284.52756pt x 137.88136pt.

Underfull \hbox (badness 10000) in paragraph at lines 5--20

 []


Underfull \hbox (badness 10000) in paragraph at lines 5--20

 []


Underfull \hbox (badness 10000) in paragraph at lines 5--20

 []


Underfull \hbox (badness 10000) in paragraph at lines 5--20

 []

[19]
Underfull \hbox (badness 10000) in paragraph at lines 27--31

 []

[20 <./img/xen_arch.png>]

LaTeX Warning: Reference `xen_device' on page 21 undefined on input line 35.


Underfull \hbox (badness 10000) in paragraph at lines 33--36

 []

<./img/XEN_Device_Arch.png, id=734, 1113.15875pt x 619.31375pt>
File: ./img/XEN_Device_Arch.png Graphic file (type png)

<use ./img/XEN_Device_Arch.png>
Package pdftex.def Info: ./img/XEN_Device_Arch.png used on input line 39.
(pdftex.def)             Requested size: 284.52756pt x 158.29619pt.

<./img/driver_domain.png, id=738, 1137.24875pt x 624.3325pt>
File: ./img/driver_domain.png Graphic file (type png)

<use ./img/driver_domain.png>
Package pdftex.def Info: ./img/driver_domain.png used on input line 48.
(pdftex.def)             Requested size: 284.52756pt x 156.19705pt.

Underfull \vbox (badness 5260) has occurred while \output is active []

 [21 <./img/XEN_Device_Arch.png>]
<./img/xen_on_arm.png, id=746, 1355.0625pt x 603.25375pt>
File: ./img/xen_on_arm.png Graphic file (type png)

<use ./img/xen_on_arm.png>
Package pdftex.def Info: ./img/xen_on_arm.png used on input line 68.
(pdftex.def)             Requested size: 284.52756pt x 126.66861pt.
 [22 <./img/driver_domain.png>]
<./img/splitdevice.png, id=756, 1167.36125pt x 636.3775pt>
File: ./img/splitdevice.png Graphic file (type png)

<use ./img/splitdevice.png>
Package pdftex.def Info: ./img/splitdevice.png used on input line 89.
(pdftex.def)             Requested size: 284.52756pt x 155.10303pt.
 [23 <./img/xen_on_arm.png>]
Underfull \hbox (badness 10000) in paragraph at lines 104--111

 []


Underfull \hbox (badness 10000) in paragraph at lines 104--111

 []

[24 <./img/splitdevice.png>]
<./img/granttable.png, id=770, 836.12375pt x 357.335pt>
File: ./img/granttable.png Graphic file (type png)

<use ./img/granttable.png>
Package pdftex.def Info: ./img/granttable.png used on input line 121.
(pdftex.def)             Requested size: 284.52756pt x 121.60133pt.
 <./img/ring.png, id=772, 975.645pt x 539.01375pt>
File: ./img/ring.png Graphic file (type png)

<use ./img/ring.png>
Package pdftex.def Info: ./img/ring.png used on input line 130.
(pdftex.def)             Requested size: 284.52756pt x 157.19002pt.
 [25 <./img/granttable.png>]
Underfull \hbox (badness 10000) in paragraph at lines 143--150

 []


Underfull \hbox (badness 10000) in paragraph at lines 143--150

 []

[26 <./img/ring.png>]
<./img/events_slide.png, id=788, 1044.90375pt x 484.81125pt>
File: ./img/events_slide.png Graphic file (type png)

<use ./img/events_slide.png>
Package pdftex.def Info: ./img/events_slide.png used on input line 158.
(pdftex.def)             Requested size: 284.52756pt x 132.01042pt.

<./img/xenstore.png, id=792, 1110.1475pt x 480.79625pt>
File: ./img/xenstore.png Graphic file (type png)

<use ./img/xenstore.png>
Package pdftex.def Info: ./img/xenstore.png used on input line 166.
(pdftex.def)             Requested size: 284.52756pt x 123.22867pt.

Underfull \hbox (badness 10000) in paragraph at lines 163--176

 []


Underfull \hbox (badness 10000) in paragraph at lines 163--176

 []

[27 <./img/events_slide.png>]
Underfull \hbox (badness 10000) in paragraph at lines 178--182

 []

<./img/xenbus.png, id=804, 475.7775pt x 551.05875pt>
File: ./img/xenbus.png Graphic file (type png)
 <use ./img/xenbus.png>
Package pdftex.def Info: ./img/xenbus.png used on input line 185.
(pdftex.def)             Requested size: 284.52756pt x 329.56151pt.
)
(./chapters/chapter4.tex [28 <./img/xenstore.png>] [29 <./img/xenbus.png (PNG c
opy)>] [30

]
chapter 4.

Overfull \hbox (0.95123pt too wide) in paragraph at lines 38--39
 \OT1/cmr/m/n/10.95 berlin.de:phidias/abi.git| 
 []

[31] [32]) (./chapters/chapter5.tex [33] [34

]
chapter 5.
<./img/sharedinfo.png, id=851, 1111.15125pt x 453.695pt>
File: ./img/sharedinfo.png Graphic file (type png)

<use ./img/sharedinfo.png>
Package pdftex.def Info: ./img/sharedinfo.png used on input line 10.
(pdftex.def)             Requested size: 284.52756pt x 116.17183pt.

Underfull \hbox (badness 10000) in paragraph at lines 16--20

 []

[35] <./img/grant_table.png, id=858, 1057.9525pt x 450.68375pt>
File: ./img/grant_table.png Graphic file (type png)

<use ./img/grant_table.png>
Package pdftex.def Info: ./img/grant_table.png used on input line 25.
(pdftex.def)             Requested size: 284.52756pt x 121.20485pt.
 [36 <./img/sharedinfo.png>]
Underfull \hbox (badness 10000) in paragraph at lines 31--33

 []

Package hyperref Info: bookmark level for unknown lstlisting defaults to 0 on i
nput line 33.
LaTeX Font Info:    Font shape `OMS/cmr/m/n' in size <9> not available
(Font)              Font shape `OMS/cmsy/m/n' tried instead on input line 35.
<./img/zone_xen.png, id=865, 1180.41pt x 454.69875pt>
File: ./img/zone_xen.png Graphic file (type png)
 <use ./img/zone_xen.png>
Package pdftex.def Info: ./img/zone_xen.png used on input line 41.
(pdftex.def)             Requested size: 284.52756pt x 109.59477pt.

[37 <./img/grant_table.png> <./img/zone_xen.png>]
<./img/hash_table.png, id=879, 1104.125pt x 605.26125pt>
File: ./img/hash_table.png Graphic file (type png)

<use ./img/hash_table.png>
Package pdftex.def Info: ./img/hash_table.png used on input line 57.
(pdftex.def)             Requested size: 284.52756pt x 155.96964pt.

Underfull \hbox (badness 10000) in paragraph at lines 64--67

 []


Underfull \hbox (badness 10000) in paragraph at lines 64--67

 []

LaTeX Font Info:    External font `cmex10' loaded for size
(Font)              <9> on input line 69.
LaTeX Font Info:    External font `cmex10' loaded for size
(Font)              <5> on input line 69.
[38 <./img/hash_table.png>]
LaTeX Font Info:    Try loading font information for OML+cmr on input line 70.

(/usr/share/texlive/texmf-dist/tex/latex/base/omlcmr.fd
File: omlcmr.fd 2014/09/29 v2.5h Standard LaTeX font definitions
)
LaTeX Font Info:    Font shape `OML/cmr/m/n' in size <9> not available
(Font)              Font shape `OML/cmm/m/it' tried instead on input line 70.

Underfull \hbox (badness 10000) in paragraph at lines 75--79

 []


Underfull \hbox (badness 10000) in paragraph at lines 81--85

 []

[39] <./img/event_domains.png, id=901, 1112.155pt x 764.8575pt>
File: ./img/event_domains.png Graphic file (type png)

<use ./img/event_domains.png>
Package pdftex.def Info: ./img/event_domains.png used on input line 88.
(pdftex.def)             Requested size: 284.52756pt x 195.67213pt.

Underfull \hbox (badness 10000) in paragraph at lines 99--100

 []

[40 <./img/event_domains.png>]
Underfull \hbox (badness 10000) in paragraph at lines 118--122

 []

<./img/xenstore-Page.png, id=917, 855.195pt x 693.59125pt>
File: ./img/xenstore-Page.png Graphic file (type png)

<use ./img/xenstore-Page.png>
Package pdftex.def Info: ./img/xenstore-Page.png used on input line 125.
(pdftex.def)             Requested size: 284.52756pt x 230.75906pt.
 [41]) (./chapters/chapter6.tex [42 <./img/xenstore-Page.png>]
chapter 6.
<./img/xennet_arch.png, id=955, 1200.485pt x 790.955pt>
File: ./img/xennet_arch.png Graphic file (type png)

<use ./img/xennet_arch.png>
Package pdftex.def Info: ./img/xennet_arch.png used on input line 8.
(pdftex.def)             Requested size: 284.52756pt x 187.45549pt.
 [43

 <./img/xennet_arch.png>]
<./img/xenbus_xs.png, id=962, 998.73125pt x 742.775pt>
File: ./img/xenbus_xs.png Graphic file (type png)

<use ./img/xenbus_xs.png>
Package pdftex.def Info: ./img/xenbus_xs.png used on input line 21.
(pdftex.def)             Requested size: 284.52756pt x 211.6024pt.
 [44 <./img/xenbus_xs.png>]
Overfull \hbox (44.04973pt too wide) in paragraph at lines 33--40
\OT1/cmr/m/n/10.95 feature-sg, feature-gso-tcpv4, feature-gso-tcpv6,feature-ipv
6-csum-offload, feature-rx-copy,feature-
 []


Underfull \hbox (badness 10000) in paragraph at lines 33--40

 []


Underfull \hbox (badness 10000) in paragraph at lines 33--40

 []


Underfull \hbox (badness 10000) in paragraph at lines 43--47

 []

[45] [46] [47] [48] [49]
Underfull \hbox (badness 10000) in paragraph at lines 180--184

 []


Underfull \hbox (badness 10000) in paragraph at lines 189--193

 []

[50]
Missing character: There is no ‚ in font cmr10!
Missing character: There is no à in font cmr10!
Missing character: There is no í in font cmr10!

Underfull \hbox (badness 10000) in paragraph at lines 210--214

 []

) (./chapters/chapter7.tex [51] [52]
chapter 7.

Underfull \hbox (badness 10000) in paragraph at lines 5--9

 []

) (./chapters/chapter8.tex [53

] [54]
chapter 8.
) [55

] [56


] (./Thesis.bbl
chapter without number

Underfull \hbox (badness 10000) in paragraph at lines 4--5
[][]$\OT1/cmtt/m/n/10.95 http : / / infocenter . arm . com / help / index . jsp
 ? topic = %2Fcom . arm . doc .
 []


Underfull \hbox (badness 10000) in paragraph at lines 7--8
[][]$\OT1/cmtt/m/n/10.95 http : / / infocenter . arm . com / help / index . jsp
 ? topic = %2Fcom . arm . doc .
 []


Underfull \hbox (badness 10000) in paragraph at lines 10--11
[][]$\OT1/cmtt/m/n/10.95 http : / / infocenter . arm . com / help / index . jsp
 ? topic = %2Fcom . arm . doc .
 []


Underfull \hbox (badness 10000) in paragraph at lines 27--30
\OT1/cmtt/m/n/10.95 / / www . slideshare . net / xen _ com _ mgr / linaro-[]con
nect-[]xen-[]on-[]arm-[]update ?
 []


Underfull \hbox (badness 10000) in paragraph at lines 45--47
[]\OT1/cmr/m/n/10.95 ``an in-tro-duc-tion to vir-tu-al-iza-tion.''  []$\OT1/cmt
t/m/n/10.95 ttp : / / www . kernelthread . com /
 []


Underfull \hbox (badness 1264) in paragraph at lines 49--51
[]\OT1/cmr/m/n/10.95 ``Reasons to use vir-tu-al-iza-tion.''  []$\OT1/cmtt/m/n/1
0.95 https : / / docs . oracle . com / cd / E26996 _ 01 /
 []


Underfull \hbox (badness 10000) in paragraph at lines 53--57
[]\OT1/cmr/m/n/10.95 ``Understanding full vir-tu-al-iza-tion, par-avir-tu-al-iz
a-tion, and hard-ware
 []


Underfull \hbox (badness 10000) in paragraph at lines 53--57
\OT1/cmr/m/n/10.95 as-sist,'' Jun 2017.  []$\OT1/cmtt/m/n/10.95 https : / / www
 . vmware . com / techpapers / 2007 /
 []

[57

]
Underfull \hbox (badness 10000) in paragraph at lines 70--73
[]\OT1/cmr/m/n/10.95 ``Top 10 vir-tu-al-iza-tion tech-nol-ogy com-pa-nies for 2
016.''
 []


Underfull \hbox (badness 10000) in paragraph at lines 70--73
[]$\OT1/cmtt/m/n/10.95 http : / / www . serverwatch . com / server-[]trends / s
lideshows /
 []


Underfull \hbox (badness 10000) in paragraph at lines 96--98
[]\OT1/cmr/m/n/10.95 ``Arm ar-chi-tec-ture,'' Sep 2017.  []$\OT1/cmtt/m/n/10.95
 https : / / en . wikipedia . org / wiki / ARM _
 []

Missing character: There is no ‚ in font cmr10!
Missing character: There is no Ä in font cmr10!
Missing character: There is no ì in font cmr10!
[58]
Underfull \hbox (badness 3701) in paragraph at lines 160--162
[]\OT1/cmr/m/n/10.95 ``Xenstore ref-er-ence,'' Feb 2015.  []$\OT1/cmtt/m/n/10.9
5 https : / / wiki . xen . org / wiki / XenStore _
 []


Underfull \hbox (badness 10000) in paragraph at lines 181--182
[][]$\OT1/cmtt/m/n/10.95 http : / / xenbits . xen . org / gitweb / ?p = xen . g
it ; a = commit ; h =
 []


Underfull \hbox (badness 2600) in paragraph at lines 184--188
\OT1/cmr/m/n/10.95 mas-ter.''  []$\OT1/cmtt/m/n/10.95 https : / / github . com 
/ Xilinx / linux-[]xlnx / blob / master / arch / arm /
 []


Underfull \hbox (badness 1478) in paragraph at lines 190--193
[]\OT1/cmr/m/n/10.95 ``Network con-fig-u-ra-tion ex-am-ples (xen 4.1+),'' Aug 2
016.  []$\OT1/cmtt/m/n/10.95 https : / / wiki .
 []


Underfull \hbox (badness 10000) in paragraph at lines 195--198
[]\OT1/cmr/m/n/10.95 ``Xen arm with vir-tu-al-iza-tion ex-ten-sion-s/cross-com-
pil-ing,'' April 2017.
 []


Underfull \hbox (badness 10000) in paragraph at lines 195--198
[]$\OT1/cmtt/m/n/10.95 https : / / wiki . xenproject . org / wiki / Xen _ ARM _
 with _ Virtualization _
 []


Underfull \hbox (badness 10000) in paragraph at lines 210--212
[]\OT1/cmr/m/n/10.95 ``Ip frag-men-ta-tion,'' June 2017.  []$\OT1/cmtt/m/n/10.9
5 https : / / en . wikipedia . org / wiki / IP _
 []

[59])
Package atveryend Info: Empty hook `BeforeClearDocument' on input line 135.
 [60]
Package atveryend Info: Empty hook `AfterLastShipout' on input line 135.
 (./Thesis.aux (./misc/titlepage.aux) (./misc/abstract.aux))
Package atveryend Info: Executing hook `AtVeryEndDocument' on input line 135.
Package atveryend Info: Executing hook `AtEndAfterFileList' on input line 135.
Package rerunfilecheck Info: File `Thesis.out' has not changed.
(rerunfilecheck)             Checksum: 81A41D6B816AECAC0A0F02D44AE84454;6093.


LaTeX Warning: There were undefined references.


LaTeX Warning: There were multiply-defined labels.

Package atveryend Info: Empty hook `AtVeryVeryEnd' on input line 135.
 ) 
Here is how much of TeX's memory you used:
 13188 strings out of 493029
 203910 string characters out of 6136234
 514288 words of memory out of 5000000
 16088 multiletter control sequences out of 15000+600000
 11518 words of font info for 40 fonts, out of 8000000 for 9000
 1144 hyphenation exceptions out of 8191
 50i,14n,66p,2233b,1826s stack positions out of 5000i,500n,10000p,200000b,80000s
</usr/share/texlive/texmf-dist/fonts/type1/public/amsfonts/cm/cmbx10.pfb></us
r/share/texlive/texmf-dist/fonts/type1/public/amsfonts/cm/cmbx12.pfb></usr/shar
e/texlive/texmf-dist/fonts/type1/public/amsfonts/cm/cmbx9.pfb></usr/share/texli
ve/texmf-dist/fonts/type1/public/amsfonts/cm/cmbxti10.pfb></usr/share/texlive/t
exmf-dist/fonts/type1/public/amsfonts/cm/cmmi9.pfb></usr/share/texlive/texmf-di
st/fonts/type1/public/amsfonts/cm/cmr10.pfb></usr/share/texlive/texmf-dist/font
s/type1/public/amsfonts/cm/cmr12.pfb></usr/share/texlive/texmf-dist/fonts/type1
/public/amsfonts/cm/cmr17.pfb></usr/share/texlive/texmf-dist/fonts/type1/public
/amsfonts/cm/cmr9.pfb></usr/share/texlive/texmf-dist/fonts/type1/public/amsfont
s/cm/cmsl10.pfb></usr/share/texlive/texmf-dist/fonts/type1/public/amsfonts/cm/c
mssbx10.pfb></usr/share/texlive/texmf-dist/fonts/type1/public/amsfonts/cm/cmsy1
0.pfb></usr/share/texlive/texmf-dist/fonts/type1/public/amsfonts/cm/cmsy9.pfb><
/usr/share/texlive/texmf-dist/fonts/type1/public/amsfonts/cm/cmti10.pfb></usr/s
hare/texlive/texmf-dist/fonts/type1/public/amsfonts/cm/cmtt10.pfb>
Output written on Thesis.pdf (72 pages, 2256132 bytes).
PDF statistics:
 1368 PDF objects out of 1440 (max. 8388607)
 1228 compressed objects within 13 object streams
 394 named destinations out of 1000 (max. 500000)
 747 words of extra memory for PDF output out of 10000 (max. 10000000)

