\BOOKMARK [0][-]{chapter*.2}{List of Figures}{}% 1
\BOOKMARK [0][-]{chapter*.3}{List of Tables}{}% 2
\BOOKMARK [0][-]{chapter.1}{Introduction}{}% 3
\BOOKMARK [1][-]{section.1.1}{Motivation}{chapter.1}% 4
\BOOKMARK [1][-]{section.1.2}{Objective}{chapter.1}% 5
\BOOKMARK [1][-]{section.1.3}{Scope}{chapter.1}% 6
\BOOKMARK [1][-]{section.1.4}{Outline}{chapter.1}% 7
\BOOKMARK [0][-]{chapter.2}{Background }{}% 8
\BOOKMARK [1][-]{section.2.1}{Introduction to Virtualization }{chapter.2}% 9
\BOOKMARK [2][-]{subsection.2.1.1}{History of Virtualization}{section.2.1}% 10
\BOOKMARK [2][-]{subsection.2.1.2}{Benefits of Virtualization}{section.2.1}% 11
\BOOKMARK [2][-]{subsection.2.1.3}{Overview of Hypervisors}{section.2.1}% 12
\BOOKMARK [2][-]{subsection.2.1.4}{Types of Hypervisors}{section.2.1}% 13
\BOOKMARK [2][-]{subsection.2.1.5}{State of the Art Hypervisors}{section.2.1}% 14
\BOOKMARK [1][-]{section.2.2}{Embedded Systems }{chapter.2}% 15
\BOOKMARK [2][-]{subsection.2.2.1}{Virtualization on Embedded Systems}{section.2.2}% 16
\BOOKMARK [2][-]{subsection.2.2.2}{ARM Embedded Platforms}{section.2.2}% 17
\BOOKMARK [2][-]{subsection.2.2.3}{ARMv8-A Architecture}{section.2.2}% 18
\BOOKMARK [2][-]{subsection.2.2.4}{Device Emulation on ARMv8-A Embedded Systems}{section.2.2}% 19
\BOOKMARK [1][-]{section.2.3}{Overview of Phidias Hypervisor }{chapter.2}% 20
\BOOKMARK [2][-]{subsection.2.3.1}{Principle of Staticity}{section.2.3}% 21
\BOOKMARK [2][-]{subsection.2.3.2}{Core Components of Minimal hypervisor implementation}{section.2.3}% 22
\BOOKMARK [2][-]{subsection.2.3.3}{Basic Structure of PHIDIAS}{section.2.3}% 23
\BOOKMARK [2][-]{subsection.2.3.4}{Static Configuration and Final Image}{section.2.3}% 24
\BOOKMARK [0][-]{chapter.3}{Overview of Xen}{}% 25
\BOOKMARK [1][-]{section.3.1}{Introduction of Xen}{chapter.3}% 26
\BOOKMARK [2][-]{subsection.3.1.1}{Guest Virtualization Types in Xen }{section.3.1}% 27
\BOOKMARK [1][-]{section.3.2}{Device I/O Emulation on Xen}{chapter.3}% 28
\BOOKMARK [2][-]{subsection.3.2.1}{Xen on ARM}{section.3.2}% 29
\BOOKMARK [1][-]{section.3.3}{Xen Split I/O Driver Model}{chapter.3}% 30
\BOOKMARK [2][-]{subsection.3.3.1}{Basic Components of Xen Split I/O Driver Model}{section.3.3}% 31
\BOOKMARK [2][-]{subsection.3.3.2}{Xen mechansims used by Split I/O Driver Model}{section.3.3}% 32
\BOOKMARK [0][-]{chapter.4}{Porting Environment and Requirements}{}% 33
\BOOKMARK [1][-]{section.4.1}{Environmental Setup for Porting}{chapter.4}% 34
\BOOKMARK [2][-]{subsection.4.1.1}{Target Platform}{section.4.1}% 35
\BOOKMARK [2][-]{subsection.4.1.2}{Linux kernel version}{section.4.1}% 36
\BOOKMARK [2][-]{subsection.4.1.3}{Xen version}{section.4.1}% 37
\BOOKMARK [2][-]{subsection.4.1.4}{PHIDIAS version}{section.4.1}% 38
\BOOKMARK [1][-]{section.4.2}{Requirements for Porting}{chapter.4}% 39
\BOOKMARK [0][-]{chapter.5}{Design and Implementation of Porting Basic Components of Xen Split Driver Model}{}% 40
\BOOKMARK [1][-]{section.5.1}{Porting Xen I/O Emualation Layer to PHIDIAS}{chapter.5}% 41
\BOOKMARK [2][-]{subsection.5.1.1}{Porting Shared Information Pages}{section.5.1}% 42
\BOOKMARK [1][-]{section.5.2}{Design of Porting Grant Tables}{chapter.5}% 43
\BOOKMARK [2][-]{subsection.5.2.1}{Static Memory for Grant Frames}{section.5.2}% 44
\BOOKMARK [2][-]{subsection.5.2.2}{Static Memory for I/O Split Drivers Usage}{section.5.2}% 45
\BOOKMARK [1][-]{section.5.3}{Design of Porting Event Channels}{chapter.5}% 46
\BOOKMARK [2][-]{subsection.5.3.1}{Static Memory Allocation for Event Domains Pages }{section.5.3}% 47
\BOOKMARK [2][-]{subsection.5.3.2}{Adding Capabilities for IPI in PHIDIAS }{section.5.3}% 48
\BOOKMARK [1][-]{section.5.4}{Design of Porting Xenstore}{chapter.5}% 49
\BOOKMARK [0][-]{chapter.6}{Porting Xen Network Virtualization}{}% 50
\BOOKMARK [1][-]{section.6.1}{Xen Network Virtualization }{chapter.6}% 51
\BOOKMARK [2][-]{subsection.6.1.1}{XenBus Backend and Frontend drivers }{section.6.1}% 52
\BOOKMARK [2][-]{subsection.6.1.2}{Netback Driver }{section.6.1}% 53
\BOOKMARK [2][-]{subsection.6.1.3}{Netfront Driver }{section.6.1}% 54
\BOOKMARK [2][-]{subsection.6.1.4}{Initialization of Network split drivers in Xen }{section.6.1}% 55
\BOOKMARK [2][-]{subsection.6.1.5}{Network Data Flow from Netfront to Netback }{section.6.1}% 56
\BOOKMARK [2][-]{subsection.6.1.6}{Network Data Flow from Netback to Netfront }{section.6.1}% 57
\BOOKMARK [1][-]{section.6.2}{Network Virtualization Architecture in PHIDIAS}{chapter.6}% 58
\BOOKMARK [2][-]{subsection.6.2.1}{Writing Keys to Xenstore for network virtualization }{section.6.2}% 59
\BOOKMARK [2][-]{subsection.6.2.2}{Probing Netback driver }{section.6.2}% 60
\BOOKMARK [2][-]{subsection.6.2.3}{Probing Netfront driver }{section.6.2}% 61
\BOOKMARK [2][-]{subsection.6.2.4}{Transmission of packets from netfront to netback }{section.6.2}% 62
\BOOKMARK [2][-]{subsection.6.2.5}{Receiving packets from netfront by netback }{section.6.2}% 63
\BOOKMARK [1][-]{section.6.3}{Porting other virtual I/O devices in Xen }{chapter.6}% 64
\BOOKMARK [2][-]{subsection.6.3.1}{Xen Virtual Block Device Driver }{section.6.3}% 65
\BOOKMARK [2][-]{subsection.6.3.2}{Porting miscellaneous Xen I/O Device Drivers }{section.6.3}% 66
\BOOKMARK [0][-]{chapter.7}{Testing and Evaluation}{}% 67
\BOOKMARK [1][-]{section.7.1}{Network Latency Test }{chapter.7}% 68
\BOOKMARK [2][-]{subsection.7.1.1}{Network Latency Test results on Xen }{section.7.1}% 69
\BOOKMARK [2][-]{subsection.7.1.2}{Network Latency Test results on PHIDIAS }{section.7.1}% 70
\BOOKMARK [2][-]{subsection.7.1.3}{Analysis of Network Latency Test results on PHIDIAS }{section.7.1}% 71
\BOOKMARK [1][-]{section.7.2}{Network Throughput Test }{chapter.7}% 72
\BOOKMARK [2][-]{subsection.7.2.1}{Network Throughput Test results on Xen }{section.7.2}% 73
\BOOKMARK [2][-]{subsection.7.2.2}{Network Throughput Test results on PHIDIAS }{section.7.2}% 74
\BOOKMARK [2][-]{subsection.7.2.3}{Analysis of Network Throughput Test results on PHIDIAS }{section.7.2}% 75
\BOOKMARK [0][-]{chapter.8}{Conclusion}{}% 76
\BOOKMARK [0][-]{chapter*.52}{Bibliography}{}% 77
